<?xml version="1.0" encoding="UTF-8" ?>
<testsuite tests="1" failures="1" name="testRunner.GetpartybyNameTest" time="2.222" errors="0" skipped="0">
  <properties>
[...]
</properties>
  <testcase classname="getpartybyName" name="get member details by last name" time="2.222">
    <failure message="expected:&lt;011442304&gt; but was:&lt;null&gt;" type="java.lang.AssertionError">java.lang.AssertionError: expected:&lt;011442304&gt; but was:&lt;null&gt;
	at org.junit.Assert.fail(Assert.java:89)
	at org.junit.Assert.failNotEquals(Assert.java:835)
	at org.junit.Assert.assertEquals(Assert.java:120)
	at org.junit.Assert.assertEquals(Assert.java:146)
	at PageObjectModule.GetPartybyName.getmemberid(GetPartybyName.java:61)
	at stepDefinations.steps.validate_the_member_id(steps.java:155)
	at ✽.validate the member id(file:///C:/Users/sandip_pande/IdeaProjects/CucumberAPI/./Features/GetPartybyName.feature:7)
</failure>
    <system-out>
Scenario: get member details by last name                                                 # Features/GetPartybyName.feature:2
ewogICJ0eXAiOiAiSldUIiwKICAiYWxnIjogIkhTMjU2Igp9.ewogICJzdWIiOiAiMDAyMDExMjMiLAogICJuYW1lIjogIlNhbmRpcCBQYW5kZSIsCiAgImlhdCI6IDE2ODIyNjg3MzIsCiAgImV4cCI6IDE2ODIyNzIzMzIsCiAgImluc3RpdHV0aW9uIjogIjAwMiIKfQ.IvDMWgyx-l0sc7-llYgkUKnok5if6nvn-3KqGfG3mug
  Given create a access token to access                                                   # stepDefinations.steps.create_a_access_token_to_access()
  When user hit the user send the url3 &quot;https://np-api.leaguedata.ca/int1/asapp-eapi/v1/&quot; # stepDefinations.steps.user_hit_the_user_send_the_url3(java.lang.String)
response is{
  &quot;success&quot;: false,
  &quot;apiName&quot;: &quot;ASAPP Experience API&quot;,
  &quot;version&quot;: &quot;v1&quot;,
  &quot;correlationId&quot;: &quot;3259c8b0-e1f7-11ed-9200-0651812af9b6&quot;,
  &quot;timestamp&quot;: &quot;2023-04-23T16:52:14.091Z&quot;,
  &quot;errorDetails&quot;: [
    {
      &quot;code&quot;: 500,
      &quot;reason&quot;: &quot;UNKNOWN&quot;,
      &quot;message&quot;: &quot;Internal Server Error&quot;
    }
  ]
}
  Then user should get all details related with that last name                            # stepDefinations.steps.user_should_get_all_details_related_with_that_last_name()
  Then validate the member id                                                             # stepDefinations.steps.validate_the_member_id()
      java.lang.AssertionError: expected:&lt;011442304&gt; but was:&lt;null&gt;
	at org.junit.Assert.fail(Assert.java:89)
	at org.junit.Assert.failNotEquals(Assert.java:835)
	at org.junit.Assert.assertEquals(Assert.java:120)
	at org.junit.Assert.assertEquals(Assert.java:146)
	at PageObjectModule.GetPartybyName.getmemberid(GetPartybyName.java:61)
	at stepDefinations.steps.validate_the_member_id(steps.java:155)
	at âœ½.validate the member id(file:///C:/Users/sandip_pande/IdeaProjects/CucumberAPI/./Features/GetPartybyName.feature:7)

  Then validate member first name &amp; last name                                             # stepDefinations.steps.validate_member_first_name_last_name()
  Then validate the member birth date                                                     # stepDefinations.steps.validate_the_member_birth_date()
  Then validate the member contact address                                                # stepDefinations.steps.validate_the_member_contact_address()
  Then validate the member branch &amp; close indicator value                                 # stepDefinations.steps.validate_the_member_branch_close_indicator_value()
  Then validate the status code for valid headers                                         # stepDefinations.steps.validate_the_status_code_for_valid_headers()
  Then validate the status code for in-valid headers                                      # stepDefinations.steps.validate_the_status_code_for_in_valid_headers()
</system-out>
    <system-err>&amp;#27;[32m&amp;#27;[1m?????????????????????????????????????????????????????????????????????????????????????&amp;#27;[0m
&amp;#27;[32m&amp;#27;[1m?&amp;#27;[0m Share your Cucumber Report with your team at &amp;#27;[36m&amp;#27;[1m&amp;#27;[4mhttps://reports.cucumber.io&amp;#27;[0m          &amp;#27;[32m&amp;#27;[1m?&amp;#27;[0m
&amp;#27;[32m&amp;#27;[1m?&amp;#27;[0m Activate publishing with one of the following:                                    &amp;#27;[32m&amp;#27;[1m?&amp;#27;[0m
&amp;#27;[32m&amp;#27;[1m?&amp;#27;[0m                                                                                   &amp;#27;[32m&amp;#27;[1m?&amp;#27;[0m
&amp;#27;[32m&amp;#27;[1m?&amp;#27;[0m src/test/resources/cucumber.properties:          &amp;#27;[36mcucumber.publish.enabled&amp;#27;[0m=&amp;#27;[36mtrue&amp;#27;[0m    &amp;#27;[32m&amp;#27;[1m?&amp;#27;[0m
&amp;#27;[32m&amp;#27;[1m?&amp;#27;[0m src/test/resources/junit-platform.properties:    &amp;#27;[36mcucumber.publish.enabled&amp;#27;[0m=&amp;#27;[36mtrue&amp;#27;[0m    &amp;#27;[32m&amp;#27;[1m?&amp;#27;[0m
&amp;#27;[32m&amp;#27;[1m?&amp;#27;[0m Environment variable:                            &amp;#27;[36mCUCUMBER_PUBLISH_ENABLED&amp;#27;[0m=&amp;#27;[36mtrue&amp;#27;[0m    &amp;#27;[32m&amp;#27;[1m?&amp;#27;[0m
&amp;#27;[32m&amp;#27;[1m?&amp;#27;[0m JUnit:                                           &amp;#27;[36m@CucumberOptions&amp;#27;[0m(publish = &amp;#27;[36mtrue&amp;#27;[0m) &amp;#27;[32m&amp;#27;[1m?&amp;#27;[0m
&amp;#27;[32m&amp;#27;[1m?&amp;#27;[0m                                                                                   &amp;#27;[32m&amp;#27;[1m?&amp;#27;[0m
&amp;#27;[32m&amp;#27;[1m?&amp;#27;[0m More information at &amp;#27;[36mhttps://cucumber.io/docs/cucumber/environment-variables/&amp;#27;[0m      &amp;#27;[32m&amp;#27;[1m?&amp;#27;[0m
&amp;#27;[32m&amp;#27;[1m?&amp;#27;[0m                                                                                   &amp;#27;[32m&amp;#27;[1m?&amp;#27;[0m
&amp;#27;[32m&amp;#27;[1m?&amp;#27;[0m Disable this message with one of the following:                                   &amp;#27;[32m&amp;#27;[1m?&amp;#27;[0m
&amp;#27;[32m&amp;#27;[1m?&amp;#27;[0m                                                                                   &amp;#27;[32m&amp;#27;[1m?&amp;#27;[0m
&amp;#27;[32m&amp;#27;[1m?&amp;#27;[0m src/test/resources/cucumber.properties:          &amp;#27;[36mcucumber.publish.quiet&amp;#27;[0m=&amp;#27;[36mtrue&amp;#27;[0m      &amp;#27;[32m&amp;#27;[1m?&amp;#27;[0m
&amp;#27;[32m&amp;#27;[1m?&amp;#27;[0m src/test/resources/junit-platform.properties:    &amp;#27;[36mcucumber.publish.quiet&amp;#27;[0m=&amp;#27;[36mtrue&amp;#27;[0m      &amp;#27;[32m&amp;#27;[1m?&amp;#27;[0m
&amp;#27;[32m&amp;#27;[1m?????????????????????????????????????????????????????????????????????????????????????&amp;#27;[0m
</system-err>
  </testcase>
</testsuite>