<?xml version="1.0" encoding="UTF-8"?>
<testng-results skipped="0" failed="0" ignored="0" total="0" passed="0">
  <reporter-output>
  </reporter-output>
  <suite name="HelloTestNgSuite" duration-ms="0" started-at="2023-07-21T09:56:30Z" finished-at="2023-07-21T09:56:30Z">
    <groups>
    </groups>
    <test name="HelloWorldTest" duration-ms="0" started-at="2023-07-21T09:56:30Z" finished-at="2023-07-21T09:56:30Z">
    </test> <!-- HelloWorldTest -->
  </suite> <!-- HelloTestNgSuite -->
</testng-results>
